<?xml version="1.0" encoding="UTF-8"?>
<testsuite name="CallbackTest" tests="1" skipped="0" failures="0" errors="0" timestamp="2023-03-17T20:34:35" hostname="DESKTOP-0OH2QEH" time="5.504">
  <properties/>
  <testcase name="shouldTestSomething()" classname="CallbackTest" time="5.504"/>
  <system-out><![CDATA[]]></system-out>
  <system-err><![CDATA[SLF4J: Failed to load class "org.slf4j.impl.StaticLoggerBinder".
SLF4J: Defaulting to no-operation (NOP) logger implementation
SLF4J: See http://www.slf4j.org/codes.html#StaticLoggerBinder for further details.
Starting ChromeDriver 111.0.5563.64 (c710e93d5b63b7095afe8c2c17df34408078439d-refs/branch-heads/5563@{#995}) on port 21908
Only local connections are allowed.
Please see https://chromedriver.chromium.org/security-considerations for suggestions on keeping ChromeDriver safe.
ChromeDriver was started successfully.
мар. 17, 2023 11:34:37 PM org.openqa.selenium.remote.ProtocolHandshake createSession
INFO: Detected dialect: W3C
]]></system-err>
</testsuite>
